<?xml version="1.0" encoding="UTF-8"?>
<testsuite xmlns:xsi="http://www.w3.org/2001/XMLSchema-instance" xsi:noNamespaceSchemaLocation="https://maven.apache.org/surefire/maven-surefire-plugin/xsd/surefire-test-report-3.0.xsd" version="3.0" name="za.co.wethinkcode.robots.AcceptanceTests.iteration2.Launch2by2AcceptanceTest" time="5.966" tests="2" errors="0" skipped="0" failures="0">
  <properties>
[...]
</properties>
  <testcase name="launchRobotsIntoAWorldWithAnObstacle" classname="za.co.wethinkcode.robots.AcceptanceTests.iteration2.Launch2by2AcceptanceTest" time="3.036">
    <system-out><![CDATA[Connected to Robot World server at localhost:5000
✓ Connected to server on attempt 1
All robot positions: [[0,0], [-1,-1], [0,-1], [1,-1], [-1,0], [1,0], [-1,1], [0,1]]
Connection closed.
]]></system-out>
    <system-err><![CDATA[SLF4J(W): Class path contains multiple SLF4J providers.
SLF4J(W): Found provider [org.slf4j.nop.NOPServiceProvider@55b699ef]
SLF4J(W): Found provider [org.slf4j.simple.SimpleServiceProvider@35d019a3]
SLF4J(W): See https://www.slf4j.org/codes.html#multiple_bindings for an explanation.
SLF4J(I): Actual provider is of type [org.slf4j.nop.NOPServiceProvider@55b699ef]
]]></system-err>
  </testcase>
  <testcase name="worldWithAnObstacleIsFull" classname="za.co.wethinkcode.robots.AcceptanceTests.iteration2.Launch2by2AcceptanceTest" time="2.849">
    <system-out><![CDATA[Connected to Robot World server at localhost:5000
✓ Connected to server on attempt 1
Connection closed.
]]></system-out>
  </testcase>
</testsuite>