<?xml version="1.0" encoding="UTF-8"?>
<testsuite xmlns:xsi="http://www.w3.org/2001/XMLSchema-instance" xsi:noNamespaceSchemaLocation="https://maven.apache.org/surefire/maven-surefire-plugin/xsd/surefire-test-report-3.0.xsd" version="3.0" name="za.co.wethinkcode.robots.AcceptanceTests.LaunchAcceptanceTest" time="0.426" tests="5" errors="0" skipped="0" failures="0">
  <properties>
[...]
</properties>
  <testcase name="launchShouldFailWhenNoSpaceAvailable" classname="za.co.wethinkcode.robots.AcceptanceTests.LaunchAcceptanceTest" time="0.217">
    <system-out><![CDATA[Connected to Robot World server at localhost:5000
Note: World did not reach capacity within the test limit
Connection closed.
]]></system-out>
    <system-err><![CDATA[SLF4J(W): Class path contains multiple SLF4J providers.
SLF4J(W): Found provider [org.slf4j.nop.NOPServiceProvider@6302bbb1]
SLF4J(W): Found provider [org.slf4j.simple.SimpleServiceProvider@31304f14]
SLF4J(W): See https://www.slf4j.org/codes.html#multiple_bindings for an explanation.
SLF4J(I): Actual provider is of type [org.slf4j.nop.NOPServiceProvider@6302bbb1]
]]></system-err>
  </testcase>
  <testcase name="notYetLaunched" classname="za.co.wethinkcode.robots.AcceptanceTests.LaunchAcceptanceTest" time="0.017">
    <system-out><![CDATA[Connected to Robot World server at localhost:5000
Connection closed.
]]></system-out>
  </testcase>
  <testcase name="duplicateRobotNameShouldFail" classname="za.co.wethinkcode.robots.AcceptanceTests.LaunchAcceptanceTest" time="0.028">
    <system-out><![CDATA[Connected to Robot World server at localhost:5000
Connection closed.
]]></system-out>
  </testcase>
  <testcase name="invaildLaunchShouldFail" classname="za.co.wethinkcode.robots.AcceptanceTests.LaunchAcceptanceTest" time="0.03">
    <system-out><![CDATA[Connected to Robot World server at localhost:5000
{"result":"ERROR","data":{"message":"robot does not exist"}}
Connection closed.
]]></system-out>
  </testcase>
  <testcase name="validLaunchShouldSucceed" classname="za.co.wethinkcode.robots.AcceptanceTests.LaunchAcceptanceTest" time="0.022">
    <system-out><![CDATA[Connected to Robot World server at localhost:5000
{"result":"OK","data":{"position":"[15,14]","visibility":10,"reload":0,"repair":0,"shields":5},"state":{"position":"[15,14]","direction":"NORTH","shields":5,"shots":5,"status":"NORMAL"}}
Connection closed.
]]></system-out>
  </testcase>
</testsuite>